<?xml version="1.0" encoding="UTF-8"?>
<!-- Generated by org.testng.reporters.JUnitXMLReporter -->
<testsuite hostname="LAPTOP-8OFK30RA" ignored="0" tests="4" failures="0" timestamp="06 May 2021 10:18:59 GMT" time="0.05" errors="0">
  <testcase name="IOSApps" time="0.022" classname="AppiumTest"/>
  <testcase name="NativeAPPAndroid" time="0.001" classname="AppiumTest"/>
  <testcase name="deleteTwitter" time="0.0" classname="RESTAPITest"/>
  <testcase name="postJira" time="0.001" classname="RESTAPITest"/>
</testsuite>
